<?xml version="1.0" encoding="utf-8"?><testsuites name="pytest tests"><testsuite name="pytest" errors="0" failures="0" skipped="0" tests="14" time="2.528" timestamp="2026-03-12T11:38:59.370823+00:00" hostname="agent-env-b841e996-f6ef-42dd-a230-63c4d302de4f"><testcase classname="backend.tests.test_products_api.TestProductsAPIHealth" name="test_api_root_endpoint" time="0.219" /><testcase classname="backend.tests.test_products_api.TestProductsRead" name="test_get_all_products_returns_list" time="0.131" /><testcase classname="backend.tests.test_products_api.TestProductsRead" name="test_get_all_products_returns_31_products" time="0.115" /><testcase classname="backend.tests.test_products_api.TestProductsRead" name="test_product_has_required_fields" time="0.127" /><testcase classname="backend.tests.test_products_api.TestProductsRead" name="test_get_single_product_by_id" time="0.284" /><testcase classname="backend.tests.test_products_api.TestProductsRead" name="test_get_nonexistent_product_returns_404" time="0.105" /><testcase classname="backend.tests.test_products_api.TestCategoriesEndpoint" name="test_get_categories_returns_list" time="0.115" /><testcase classname="backend.tests.test_products_api.TestCategoriesEndpoint" name="test_categories_have_name_and_count" time="0.142" /><testcase classname="backend.tests.test_products_api.TestProductsCRUD" name="test_create_product_and_verify" time="0.243" /><testcase classname="backend.tests.test_products_api.TestProductsCRUD" name="test_update_product_and_verify" time="0.303" /><testcase classname="backend.tests.test_products_api.TestProductsCRUD" name="test_delete_product_and_verify_removal" time="0.220" /><testcase classname="backend.tests.test_products_api.TestProductsCRUD" name="test_delete_nonexistent_product_returns_404" time="0.112" /><testcase classname="backend.tests.test_products_api.TestProductsCRUD" name="test_update_nonexistent_product_returns_404" time="0.136" /><testcase classname="backend.tests.test_products_api.TestProductValidation" name="test_create_product_missing_required_fields" time="0.107" /></testsuite></testsuites>